[2015-03-08 18:50:00] START
[2015-03-08 18:52:12] EDIT app1/views/default/index.html: -29
[2015-03-08 18:52:36] EDIT app1/views/default/index.html: -1
[2015-03-14 21:56:11] CREATE janrain.key: 0
[2015-03-14 21:58:25] EDIT App1/static/janrain.key: 1
[2015-03-14 22:00:45] EDIT App1/static/janrain.key: 0
[2015-03-14 22:01:36] EDIT App1/static/janrain.key: 0
[2015-03-14 22:03:37] DELETE App1/static/janrain.key: -1
[2015-03-14 22:03:42] DELETE App1/static/janrain.key.bak: -1
[2015-03-14 22:03:53] CREATE janrain.key: 0
[2015-03-14 22:04:25] EDIT App1/private/janrain.key: 1
[2015-03-14 22:05:26] EDIT App1/private/janrain.key: 0
[2015-03-14 23:03:20] EDIT App1/views/default/user.html: 1
[2015-03-14 23:05:37] EDIT App1/views/default/user.html: 0
[2015-03-14 23:42:56] EDIT App1/views/layout.html: -75
[2015-03-14 23:42:57] EDIT App1/views/layout.html: 0
[2015-03-14 23:42:57] EDIT App1/views/layout.html: 0
[2015-03-14 23:44:33] EDIT App1/views/layout.html: -1
[2015-03-14 23:48:22] EDIT App1/views/layout.html: 0
[2015-03-14 23:48:23] EDIT App1/views/layout.html: 0
[2015-03-14 23:48:23] EDIT App1/views/layout.html: 0
[2015-03-14 23:48:23] EDIT App1/views/layout.html: 0
[2015-03-14 23:48:46] EDIT App1/views/layout.html: -2
[2015-03-14 23:48:46] EDIT App1/views/layout.html: 0
[2015-03-14 23:48:46] EDIT App1/views/layout.html: 0
[2015-03-14 23:49:03] EDIT App1/views/layout.html: 2
[2015-03-14 23:49:03] EDIT App1/views/layout.html: 0
[2015-03-14 23:49:04] EDIT App1/views/layout.html: 0
[2015-03-14 23:49:37] EDIT App1/views/layout.html: 0
[2015-03-14 23:49:37] EDIT App1/views/layout.html: 0
[2015-03-14 23:49:37] EDIT App1/views/layout.html: 0
[2015-03-14 23:49:47] EDIT App1/views/layout.html: 0
[2015-03-14 23:49:48] EDIT App1/views/layout.html: 0
[2015-03-14 23:49:48] EDIT App1/views/layout.html: 0
[2015-03-14 23:49:51] EDIT App1/views/layout.html: 0
[2015-03-14 23:49:51] EDIT App1/views/layout.html: 0
[2015-03-14 23:49:51] EDIT App1/views/layout.html: 0
[2015-03-14 23:50:44] EDIT App1/views/layout.html: 0
[2015-03-14 23:50:45] EDIT App1/views/layout.html: 0
[2015-03-14 23:50:45] EDIT App1/views/layout.html: 0
[2015-03-14 23:51:15] EDIT App1/views/layout.html: 0
[2015-03-14 23:51:15] EDIT App1/views/layout.html: 0
[2015-03-14 23:51:16] EDIT App1/views/layout.html: 0
[2015-03-14 23:54:38] EDIT App1/views/layout.html: 0
[2015-03-14 23:54:39] EDIT App1/views/layout.html: 0
[2015-03-14 23:57:03] EDIT App1/views/layout.html: 0
[2015-03-14 23:57:03] EDIT App1/views/layout.html: 0
[2015-03-14 23:58:16] EDIT App1/views/layout.html: 0
[2015-03-14 23:58:17] EDIT App1/views/layout.html: 0
[2015-03-14 23:58:17] EDIT App1/views/layout.html: 0
[2015-03-15 00:02:43] EDIT App1/views/layout.html: 0
[2015-03-15 00:04:30] EDIT App1/controllers/default.py: 2
[2015-03-15 00:04:30] EDIT App1/controllers/default.py: 0
[2015-03-15 00:04:30] EDIT App1/controllers/default.py: 0
[2015-03-15 00:05:15] EDIT App1/controllers/default.py: -2
[2015-03-15 00:05:15] EDIT App1/controllers/default.py: 0
[2015-03-15 00:05:15] EDIT App1/controllers/default.py: 0
[2015-03-15 00:05:52] EDIT App1/views/layout.html: 0
[2015-03-15 00:05:52] EDIT App1/views/layout.html: 0
[2015-03-15 00:06:24] EDIT App1/views/layout.html: 0
[2015-03-15 00:06:24] EDIT App1/views/layout.html: 0
[2015-03-15 00:06:24] EDIT App1/views/layout.html: 0
[2015-03-15 00:08:51] EDIT App1/views/layout.html: 0
[2015-03-15 00:08:51] EDIT App1/views/layout.html: 0
[2015-03-15 00:08:51] EDIT App1/views/layout.html: 0
[2015-03-15 00:08:51] EDIT App1/views/layout.html: 0
[2015-03-15 00:09:09] EDIT App1/views/layout.html: 0
[2015-03-15 00:09:09] EDIT App1/views/layout.html: 0
[2015-03-15 00:09:09] EDIT App1/views/layout.html: 0
[2015-03-15 00:09:09] EDIT App1/views/layout.html: 0
[2015-03-15 00:17:09] EDIT App1/views/layout.html: 0
[2015-03-15 00:17:10] EDIT App1/views/layout.html: 0
[2015-03-15 00:17:10] EDIT App1/views/layout.html: 0
[2015-03-15 00:17:10] EDIT App1/views/layout.html: 0
[2015-03-15 00:17:11] EDIT App1/views/layout.html: 0
[2015-03-15 00:18:10] EDIT App1/views/layout.html: -1
[2015-03-15 00:18:10] EDIT App1/views/layout.html: 0
[2015-03-15 00:18:10] EDIT App1/views/layout.html: 0
[2015-03-15 00:18:10] EDIT App1/views/layout.html: 0
[2015-03-15 00:18:20] EDIT App1/views/layout.html: 1
[2015-03-15 00:18:20] EDIT App1/views/layout.html: 0
[2015-03-15 00:18:20] EDIT App1/views/layout.html: 0
[2015-03-15 00:18:43] EDIT App1/views/layout.html: 0
[2015-03-15 00:18:43] EDIT App1/views/layout.html: 0
[2015-03-15 00:18:43] EDIT App1/views/layout.html: 0
[2015-03-15 00:18:43] EDIT App1/views/layout.html: 0
[2015-03-15 00:18:43] EDIT App1/views/layout.html: 0
[2015-03-15 00:18:44] EDIT App1/views/layout.html: 0
[2015-03-15 00:18:44] EDIT App1/views/layout.html: 0
[2015-03-15 00:18:44] EDIT App1/views/layout.html: 0
[2015-03-15 00:18:44] EDIT App1/views/layout.html: 0
[2015-03-15 00:19:13] EDIT App1/views/layout.html: 0
[2015-03-15 00:19:13] EDIT App1/views/layout.html: 0
[2015-03-15 00:22:20] EDIT App1/views/layout.html: 0
[2015-03-15 00:22:21] EDIT App1/views/layout.html: 0
[2015-03-15 00:22:21] EDIT App1/views/layout.html: 0
[2015-03-15 00:22:55] EDIT App1/views/layout.html: 2
[2015-03-15 00:22:55] EDIT App1/views/layout.html: 0
[2015-03-15 00:22:55] EDIT App1/views/layout.html: 0
[2015-03-15 00:22:56] EDIT App1/views/layout.html: 0
[2015-03-15 00:22:56] EDIT App1/views/layout.html: 0
[2015-03-15 00:22:56] EDIT App1/views/layout.html: 0
[2015-03-15 00:23:25] EDIT App1/views/layout.html: -2
[2015-03-15 00:23:25] EDIT App1/views/layout.html: 0
[2015-03-15 00:23:26] EDIT App1/views/layout.html: 0
[2015-03-15 00:23:26] EDIT App1/views/layout.html: 0
[2015-03-15 00:23:26] EDIT App1/views/layout.html: 0
[2015-03-15 00:23:26] EDIT App1/views/layout.html: 0
[2015-03-15 00:23:27] EDIT App1/views/layout.html: 0
[2015-03-15 00:23:27] EDIT App1/views/layout.html: 0
[2015-03-15 00:23:27] EDIT App1/views/layout.html: 0
[2015-03-15 00:23:27] EDIT App1/views/layout.html: 0
[2015-03-15 00:23:27] EDIT App1/views/layout.html: 0
[2015-03-15 00:25:26] EDIT App1/views/layout.html: 0
[2015-03-15 00:25:26] EDIT App1/views/layout.html: 0
[2015-03-15 00:25:26] EDIT App1/views/layout.html: 0
[2015-03-15 00:25:41] EDIT App1/views/layout.html: 0
[2015-03-15 00:25:41] EDIT App1/views/layout.html: 0
[2015-03-15 00:25:41] EDIT App1/views/layout.html: 0
[2015-03-15 00:26:52] EDIT App1/views/layout.html: 0
[2015-03-15 00:26:52] EDIT App1/views/layout.html: 0
[2015-03-15 00:26:52] EDIT App1/views/layout.html: 0
[2015-03-15 00:27:12] EDIT App1/views/layout.html: 0
[2015-03-15 00:27:12] EDIT App1/views/layout.html: 0
[2015-03-15 00:28:04] EDIT App1/views/layout.html: 0
[2015-03-15 00:28:04] EDIT App1/views/layout.html: 0
[2015-03-15 00:28:04] EDIT App1/views/layout.html: 0
[2015-03-15 00:39:30] EDIT App1/views/layout.html: 0
[2015-03-15 01:06:22] EDIT App1/views/layout.html: 0
[2015-03-15 01:07:27] EDIT App1/views/layout.html: 0
[2015-03-15 01:08:13] EDIT App1/views/layout.html: 0
[2015-03-15 01:08:13] EDIT App1/views/layout.html: 0
[2015-03-15 01:08:13] EDIT App1/views/layout.html: 0
[2015-03-15 01:08:14] EDIT App1/views/layout.html: 0
[2015-03-15 01:08:14] EDIT App1/views/layout.html: 0
[2015-03-15 01:08:14] EDIT App1/views/layout.html: 0
[2015-03-15 01:08:28] EDIT App1/views/layout.html: 0
[2015-03-15 01:08:29] EDIT App1/views/layout.html: 0
[2015-03-15 01:08:29] EDIT App1/views/layout.html: 0
[2015-03-15 01:08:29] EDIT App1/views/layout.html: 0
[2015-03-15 01:08:29] EDIT App1/views/layout.html: 0
[2015-03-15 01:08:30] EDIT App1/views/layout.html: 0
[2015-03-15 01:08:30] EDIT App1/views/layout.html: 0
[2015-03-15 01:08:30] EDIT App1/views/layout.html: 0
[2015-03-15 01:08:30] EDIT App1/views/layout.html: 0
[2015-03-15 01:08:32] EDIT App1/views/layout.html: 0
[2015-03-15 01:08:32] EDIT App1/views/layout.html: 0
[2015-03-15 01:08:35] EDIT App1/views/layout.html: 0
[2015-03-15 01:08:35] EDIT App1/views/layout.html: 0
[2015-03-15 01:08:35] EDIT App1/views/layout.html: 0
[2015-03-15 01:08:37] EDIT App1/views/layout.html: 0
[2015-03-15 01:08:37] EDIT App1/views/layout.html: 0
[2015-03-15 01:09:17] EDIT App1/views/layout.html: 0
[2015-03-15 01:09:17] EDIT App1/views/layout.html: 0
[2015-03-15 01:09:22] EDIT App1/views/layout.html: 0
[2015-03-15 01:09:22] EDIT App1/views/layout.html: 0
[2015-03-15 01:09:22] EDIT App1/views/layout.html: 0
[2015-03-15 01:09:28] EDIT App1/views/layout.html: 0
[2015-03-15 01:09:29] EDIT App1/views/layout.html: 0
[2015-03-15 01:09:29] EDIT App1/views/layout.html: 0
[2015-03-15 01:09:34] EDIT App1/views/layout.html: 0
[2015-03-15 01:09:34] EDIT App1/views/layout.html: 0
[2015-03-15 01:09:45] EDIT App1/views/layout.html: 0
[2015-03-15 01:09:45] EDIT App1/views/layout.html: 0
[2015-03-15 01:09:45] EDIT App1/views/layout.html: 0
[2015-03-15 01:09:56] EDIT App1/views/layout.html: 0
[2015-03-15 01:09:56] EDIT App1/views/layout.html: 0
[2015-03-15 01:09:56] EDIT App1/views/layout.html: 0
[2015-03-15 01:10:24] EDIT App1/views/layout.html: 0
[2015-03-15 01:10:24] EDIT App1/views/layout.html: 0
[2015-03-15 01:10:25] EDIT App1/views/layout.html: 0
[2015-03-15 01:10:25] EDIT App1/views/layout.html: 0
[2015-03-15 01:10:25] EDIT App1/views/layout.html: 0
[2015-03-15 01:10:25] EDIT App1/views/layout.html: 0
[2015-03-15 01:10:26] EDIT App1/views/layout.html: 0
[2015-03-15 01:11:32] EDIT App1/views/layout.html: 0
[2015-03-15 01:11:33] EDIT App1/views/layout.html: 0
[2015-03-15 01:11:33] EDIT App1/views/layout.html: 0
[2015-03-15 01:11:33] EDIT App1/views/layout.html: 0
[2015-03-15 01:18:52] EDIT App1/views/layout.html: 0
[2015-03-15 01:41:02] EDIT App1/views/layout.html: 0
[2015-03-15 01:41:02] EDIT App1/views/layout.html: 0
[2015-03-15 01:41:03] EDIT App1/views/layout.html: 0
[2015-03-15 01:42:08] EDIT App1/views/layout.html: 0
[2015-03-15 01:42:08] EDIT App1/views/layout.html: 0
[2015-03-15 01:42:08] EDIT App1/views/layout.html: 0
[2015-03-15 01:42:08] EDIT App1/views/layout.html: 0
[2015-03-15 01:42:08] EDIT App1/views/layout.html: 0
[2015-03-15 01:42:09] EDIT App1/views/layout.html: 0
[2015-03-15 01:42:09] EDIT App1/views/layout.html: 0
[2015-03-15 01:42:09] EDIT App1/views/layout.html: 0
[2015-03-15 01:42:19] EDIT App1/views/layout.html: 0
[2015-03-15 01:42:20] EDIT App1/views/layout.html: 0
[2015-03-15 01:42:20] EDIT App1/views/layout.html: 0
[2015-03-15 01:42:20] EDIT App1/views/layout.html: 0
[2015-03-15 01:42:20] EDIT App1/views/layout.html: 0
[2015-03-15 01:42:22] EDIT App1/views/layout.html: 0
[2015-03-15 01:42:23] EDIT App1/views/layout.html: 0
[2015-03-15 01:44:56] EDIT App1/views/layout.html: 0
[2015-03-15 01:44:56] EDIT App1/views/layout.html: 0
[2015-03-15 01:44:57] EDIT App1/views/layout.html: 0
[2015-03-15 01:45:16] EDIT App1/views/layout.html: 0
[2015-03-15 01:45:16] EDIT App1/views/layout.html: 0
[2015-03-15 01:45:17] EDIT App1/views/layout.html: 0
[2015-03-15 01:45:31] EDIT App1/views/layout.html: 0
[2015-03-15 01:45:31] EDIT App1/views/layout.html: 0
[2015-03-15 01:45:32] EDIT App1/views/layout.html: 0
[2015-03-15 01:45:56] EDIT App1/views/layout.html: 0
[2015-03-15 01:45:56] EDIT App1/views/layout.html: 0
[2015-03-15 01:46:12] EDIT App1/views/layout.html: 0
[2015-03-15 01:46:12] EDIT App1/views/layout.html: 0
[2015-03-15 01:46:26] EDIT App1/views/layout.html: 0
[2015-03-15 01:46:26] EDIT App1/views/layout.html: 0
[2015-03-15 01:46:57] EDIT App1/controllers/default.py: -1
[2015-03-15 01:46:57] EDIT App1/controllers/default.py: 0
[2015-03-15 01:46:57] EDIT App1/controllers/default.py: 0
[2015-03-15 01:46:58] EDIT App1/controllers/default.py: 0
[2015-03-15 01:47:46] EDIT App1/views/layout.html: 0
[2015-03-15 01:47:47] EDIT App1/views/layout.html: 0
[2015-03-15 01:47:59] EDIT App1/views/layout.html: 0
[2015-03-15 01:48:00] EDIT App1/views/layout.html: 0
[2015-03-15 01:48:00] EDIT App1/views/layout.html: 0
[2015-03-15 01:48:08] EDIT App1/views/layout.html: 0
[2015-03-15 01:48:09] EDIT App1/views/layout.html: 0
[2015-03-15 01:48:09] EDIT App1/views/layout.html: 0
[2015-03-15 01:48:09] EDIT App1/views/layout.html: 0
[2015-03-15 01:48:09] EDIT App1/views/layout.html: 0
[2015-03-15 01:48:19] EDIT App1/views/layout.html: 0
[2015-03-15 01:48:20] EDIT App1/views/layout.html: 0
[2015-03-15 01:48:20] EDIT App1/views/layout.html: 0
[2015-03-15 01:48:49] EDIT App1/views/layout.html: 0
[2015-03-15 01:48:49] EDIT App1/views/layout.html: 0
[2015-03-15 01:51:34] EDIT App1/views/layout.html: 0
[2015-03-15 01:51:34] EDIT App1/views/layout.html: 0
[2015-03-15 01:51:34] EDIT App1/views/layout.html: 0
[2015-03-15 01:52:17] EDIT App1/views/layout.html: 0
[2015-03-15 01:52:18] EDIT App1/views/layout.html: 0
[2015-03-15 01:52:18] EDIT App1/views/layout.html: 0
[2015-03-15 01:52:18] EDIT App1/views/layout.html: 0
[2015-03-15 01:52:31] EDIT App1/views/layout.html: 0
[2015-03-15 01:52:31] EDIT App1/views/layout.html: 0
[2015-03-15 01:54:23] EDIT App1/views/layout.html: 0
[2015-03-15 01:54:23] EDIT App1/views/layout.html: 0
[2015-03-15 01:54:23] EDIT App1/views/layout.html: 0
[2015-03-15 01:54:25] EDIT App1/views/layout.html: 0
[2015-03-15 01:54:45] EDIT App1/views/layout.html: 0
[2015-03-15 01:54:46] EDIT App1/views/layout.html: 0
[2015-03-15 01:54:47] EDIT App1/views/layout.html: 0
[2015-03-15 01:54:59] EDIT App1/views/layout.html: 0
[2015-03-15 01:54:59] EDIT App1/views/layout.html: 0
[2015-03-15 01:54:59] EDIT App1/views/layout.html: 0
[2015-03-15 01:54:59] EDIT App1/views/layout.html: 0
[2015-03-15 01:55:00] EDIT App1/views/layout.html: 0
[2015-03-15 01:55:18] EDIT App1/views/layout.html: 0
[2015-03-15 01:55:18] EDIT App1/views/layout.html: 0
[2015-03-15 01:55:18] EDIT App1/views/layout.html: 0
[2015-03-15 01:55:32] EDIT App1/views/layout.html: 0
[2015-03-15 01:55:45] EDIT App1/views/layout.html: 0
[2015-03-15 01:55:45] EDIT App1/views/layout.html: 0
[2015-03-15 01:55:45] EDIT App1/views/layout.html: 0
[2015-03-15 01:55:45] EDIT App1/views/layout.html: 0
[2015-03-15 01:55:46] EDIT App1/views/layout.html: 0
[2015-03-15 01:55:46] EDIT App1/views/layout.html: 0
[2015-03-15 01:55:46] EDIT App1/views/layout.html: 0
[2015-03-15 01:56:25] EDIT App1/views/layout.html: 0
[2015-03-15 01:56:25] EDIT App1/views/layout.html: 0
[2015-03-15 01:56:25] EDIT App1/views/layout.html: 0
[2015-03-15 01:56:44] EDIT App1/views/layout.html: 0
[2015-03-15 01:56:44] EDIT App1/views/layout.html: 0
[2015-03-15 01:57:26] EDIT App1/views/layout.html: 0
[2015-03-15 01:57:26] EDIT App1/views/layout.html: 0
[2015-03-15 01:57:27] EDIT App1/views/layout.html: 0
[2015-03-15 01:57:36] EDIT App1/views/layout.html: 0
[2015-03-15 01:57:36] EDIT App1/views/layout.html: 0
[2015-03-15 01:57:37] EDIT App1/views/layout.html: 0
[2015-03-15 01:57:37] EDIT App1/views/layout.html: 0
[2015-03-15 01:58:26] EDIT App1/views/layout.html: 0
[2015-03-15 01:58:26] EDIT App1/views/layout.html: 0
[2015-03-15 01:58:26] EDIT App1/views/layout.html: 0
[2015-03-15 01:59:15] EDIT App1/views/layout.html: 0
[2015-03-15 01:59:15] EDIT App1/views/layout.html: 0
[2015-03-15 01:59:34] EDIT App1/views/layout.html: 0
[2015-03-15 01:59:34] EDIT App1/views/layout.html: 0
[2015-03-15 02:00:34] EDIT App1/views/layout.html: 0
[2015-03-15 02:00:34] EDIT App1/views/layout.html: 0
[2015-03-15 02:03:19] EDIT App1/views/layout.html: 0
[2015-03-15 02:03:19] EDIT App1/views/layout.html: 0
[2015-03-15 02:03:20] EDIT App1/views/layout.html: 0
[2015-03-15 02:03:20] EDIT App1/views/layout.html: 0
[2015-03-15 02:03:20] EDIT App1/views/layout.html: 0
[2015-03-15 02:03:20] EDIT App1/views/layout.html: 0
[2015-03-15 02:03:21] EDIT App1/views/layout.html: 0
[2015-03-15 02:03:32] EDIT App1/views/layout.html: 0
[2015-03-15 02:04:48] EDIT App1/views/layout.html: 0
[2015-03-15 02:04:48] EDIT App1/views/layout.html: 0
[2015-03-15 02:04:48] EDIT App1/views/layout.html: 0
[2015-03-15 02:04:57] EDIT App1/views/layout.html: 0
[2015-03-15 02:04:57] EDIT App1/views/layout.html: 0
[2015-03-15 02:05:33] EDIT App1/views/layout.html: 0
[2015-03-15 02:05:34] EDIT App1/views/layout.html: 0
[2015-03-15 02:09:21] EDIT App1/views/layout.html: 0
[2015-03-15 02:09:58] EDIT App1/views/layout.html: 0
[2015-03-15 02:10:25] EDIT App1/views/layout.html: 0
[2015-03-15 02:10:44] EDIT App1/views/layout.html: 0
[2015-03-15 02:13:14] EDIT App1/views/layout.html: 0
[2015-03-15 02:15:52] EDIT App1/views/layout.html: 0
[2015-03-15 02:16:56] EDIT App1/views/layout.html: 0
[2015-03-15 02:17:13] EDIT App1/views/layout.html: 0
[2015-03-15 02:17:13] EDIT App1/views/layout.html: 0
[2015-03-15 02:19:33] EDIT App1/views/layout.html: 0
[2015-03-15 02:19:51] EDIT App1/views/layout.html: 0
[2015-03-15 02:24:03] EDIT App1/views/layout.html: 0
[2015-03-15 02:24:13] EDIT App1/views/layout.html: 0
[2015-03-15 02:24:15] EDIT App1/views/layout.html: 0
[2015-03-15 02:24:26] EDIT App1/views/layout.html: 0
[2015-03-15 02:24:39] EDIT App1/views/layout.html: 0
[2015-03-15 02:25:42] EDIT App1/views/layout.html: 0
[2015-03-15 02:25:52] EDIT App1/views/layout.html: 0
[2015-03-15 02:26:03] EDIT App1/views/layout.html: 0
[2015-03-15 02:28:05] EDIT App1/views/layout.html: 0
[2015-03-15 02:28:21] EDIT App1/views/layout.html: 0
[2015-03-15 02:32:07] EDIT App1/views/default/user.html: 0
[2015-03-15 02:33:00] EDIT App1/views/default/user.html: 0
[2015-03-15 02:33:26] EDIT App1/views/default/user.html: 2
[2015-03-15 02:34:01] EDIT App1/views/default/user.html: 3
[2015-03-15 02:34:12] EDIT App1/views/default/user.html: 0
[2015-03-15 02:34:21] EDIT App1/views/default/user.html: 0
[2015-03-15 02:34:21] EDIT App1/views/default/user.html: 0
[2015-03-15 02:34:59] EDIT App1/views/layout.html: 0
[2015-03-15 02:35:11] EDIT App1/views/layout.html: 0
[2015-03-15 02:35:23] EDIT App1/views/layout.html: 0
[2015-03-15 02:35:24] EDIT App1/views/layout.html: 0
[2015-03-15 02:42:36] EDIT App1/views/layout.html: 0
[2015-03-15 02:43:57] EDIT App1/views/default/user.html: 1
[2015-03-15 02:58:54] EDIT App1/views/default/user.html: 2
[2015-03-15 03:00:02] EDIT App1/views/default/user.html: 0
[2015-03-15 03:00:18] EDIT App1/views/default/user.html: 0
[2015-03-15 03:00:29] EDIT App1/views/default/user.html: 0
[2015-03-15 03:00:48] EDIT App1/views/default/user.html: 0
[2015-03-15 03:01:16] EDIT App1/views/default/user.html: 1
[2015-03-15 03:01:16] EDIT App1/views/default/user.html: 0
[2015-03-15 03:01:16] EDIT App1/views/default/user.html: 0
[2015-03-15 03:01:20] EDIT App1/views/default/user.html: 0
[2015-03-15 03:01:35] EDIT App1/views/default/user.html: 0
[2015-03-15 03:01:47] EDIT App1/views/default/user.html: 0
[2015-03-15 03:06:00] EDIT App1/views/default/user.html: 0
[2015-03-15 03:54:18] EDIT App1/controllers/default.py: 1
[2015-03-15 03:55:02] UPLOAD /home/ritvik/DBLab/Examples/web2py/applications/App1/modules/feedparser.py: 3498
[2015-03-15 03:59:03] EDIT App1/views/layout.html: 0
[2015-03-15 04:00:43] EDIT App1/controllers/default.py: 1
[2015-03-15 04:01:02] EDIT App1/controllers/default.py: 3
[2015-03-15 04:02:22] EDIT App1/controllers/default.py: 1
[2015-03-15 04:03:06] EDIT App1/controllers/default.py: 1
[2015-03-15 04:08:10] EDIT App1/controllers/default.py: 5
[2015-03-15 04:08:17] EDIT App1/controllers/default.py: 0
[2015-03-15 04:09:07] EDIT App1/controllers/default.py: 0
[2015-03-15 04:10:13] EDIT App1/controllers/default.py: 0
[2015-03-15 04:10:39] EDIT App1/controllers/default.py: 0
[2015-03-15 04:10:43] EDIT App1/controllers/default.py: 0
[2015-03-15 04:12:27] EDIT App1/controllers/default.py: 0
[2015-03-15 04:12:30] EDIT App1/controllers/default.py: 0
[2015-03-15 04:12:34] EDIT App1/controllers/default.py: 0
[2015-03-15 04:13:03] EDIT App1/controllers/default.py: 0
[2015-03-15 04:15:20] EDIT App1/controllers/default.py: 0
[2015-03-15 04:15:30] EDIT App1/controllers/default.py: 0
[2015-03-15 04:20:00] EDIT App1/controllers/default.py: 0
[2015-03-15 04:23:00] EDIT App1/controllers/default.py: 0
[2015-03-15 04:23:05] EDIT App1/controllers/default.py: 0
[2015-03-15 04:23:19] EDIT App1/controllers/default.py: 1
[2015-03-15 04:24:33] EDIT App1/views/layout.html: -36
[2015-03-15 04:25:00] EDIT App1/controllers/default.py: 0
[2015-03-15 04:29:04] EDIT App1/controllers/default.py: 2
[2015-03-15 04:29:22] EDIT App1/views/layout.html: 0
[2015-03-15 04:29:24] EDIT App1/views/layout.html: 0
[2015-03-15 04:30:02] EDIT App1/controllers/default.py: 0
[2015-03-15 04:31:39] EDIT App1/controllers/default.py: 0
[2015-03-15 04:35:42] EDIT App1/views/layout.html: 0
[2015-03-15 04:36:00] EDIT App1/views/layout.html: 0
[2015-03-15 04:42:39] EDIT App1/views/layout.html: 0
[2015-03-15 04:44:25] EDIT App1/views/layout.html: 0
[2015-03-15 12:10:55] EDIT App1/models/db.py: 1
[2015-03-15 12:12:44] EDIT App1/controllers/default.py: 1
[2015-03-15 12:50:06] EDIT App1/models/db.py: -1
[2015-03-15 12:50:31] EDIT App1/models/db.py: 1
[2015-03-15 12:55:34] EDIT App1/views/appadmin.html: 0
[2015-03-15 12:56:17] EDIT App1/views/appadmin.html: -1
[2015-03-15 12:59:07] EDIT App1/views/appadmin.html: 1
[2015-03-15 13:01:29] CREATE plain_layout.html: 0
[2015-03-15 13:01:43] EDIT App1/views/plain_layout.html: 151
[2015-03-15 13:02:01] EDIT App1/views/appadmin.html: 0
[2015-03-15 13:10:24] EDIT App1/controllers/default.py: 2
[2015-03-15 13:11:32] EDIT App1/controllers/default.py: 1
[2015-03-15 13:14:57] EDIT App1/controllers/default.py: 0
[2015-03-15 14:11:01] EDIT App1/controllers/default.py: 5
[2015-03-15 14:13:22] EDIT App1/controllers/default.py: 0
[2015-03-15 14:15:44] EDIT App1/controllers/default.py: 0
[2015-03-15 14:18:23] EDIT App1/views/layout.html: 3
[2015-03-15 14:19:02] EDIT App1/views/layout.html: -3
[2015-03-15 14:33:20] EDIT App1/controllers/default.py: 1
[2015-03-15 14:33:35] EDIT App1/controllers/default.py: 0
[2015-03-15 14:33:52] EDIT App1/controllers/default.py: 0
[2015-03-15 14:34:01] EDIT App1/controllers/default.py: 0
[2015-03-15 14:35:18] EDIT App1/controllers/default.py: 0
[2015-03-15 14:36:29] EDIT App1/controllers/default.py: 0
[2015-03-15 14:37:51] EDIT App1/controllers/default.py: 0
[2015-03-15 14:37:51] EDIT App1/controllers/default.py: 0
[2015-03-15 14:37:51] EDIT App1/controllers/default.py: 0
[2015-03-15 15:03:45] EDIT App1/controllers/default.py: 0
[2015-03-15 15:04:38] EDIT App1/controllers/default.py: 2
[2015-03-15 15:04:50] EDIT App1/controllers/default.py: 0
[2015-03-15 15:05:03] EDIT App1/controllers/default.py: 0
[2015-03-15 15:05:12] EDIT App1/controllers/default.py: 0
[2015-03-15 15:05:29] EDIT App1/views/layout.html: 3
[2015-03-15 15:05:38] EDIT App1/controllers/default.py: 0
[2015-03-15 15:07:13] EDIT App1/controllers/default.py: 0
[2015-03-15 15:15:31] EDIT App1/controllers/default.py: -1
[2015-03-15 15:15:41] EDIT App1/views/layout.html: -3
[2015-03-15 15:15:53] EDIT App1/controllers/default.py: 0
[2015-03-15 15:16:08] EDIT App1/controllers/default.py: 0
[2015-03-15 15:16:23] EDIT App1/controllers/default.py: 0
[2015-03-15 15:17:00] EDIT App1/controllers/default.py: 0
[2015-03-15 15:17:04] EDIT App1/controllers/default.py: 0
[2015-03-15 15:17:06] EDIT App1/controllers/default.py: 0
[2015-03-15 22:40:19] EDIT App1/controllers/default.py: 0
[2015-03-15 22:40:36] EDIT App1/controllers/default.py: 0
[2015-03-15 22:42:56] EDIT App1/controllers/default.py: 1
[2015-03-15 22:45:02] EDIT App1/controllers/default.py: 0
[2015-03-15 22:45:55] EDIT App1/views/layout.html: 3
[2015-03-15 22:54:40] EDIT App1/controllers/default.py: 1
[2015-03-15 22:56:17] EDIT App1/controllers/default.py: 0
[2015-03-15 22:56:57] EDIT App1/controllers/default.py: 0
[2015-03-15 22:57:31] EDIT App1/controllers/default.py: 0
[2015-03-15 22:57:46] EDIT App1/controllers/default.py: -1
[2015-03-15 22:58:06] EDIT App1/views/layout.html: -3
[2015-03-15 22:58:07] EDIT App1/views/layout.html: 0
[2015-03-15 22:58:07] EDIT App1/views/layout.html: 0
[2015-03-15 22:58:07] EDIT App1/views/layout.html: 0
[2015-03-15 22:58:43] EDIT App1/views/layout.html: 0
[2015-03-15 22:58:43] EDIT App1/views/layout.html: 0
[2015-03-15 23:00:22] EDIT App1/views/layout.html: 0
[2015-03-15 23:11:24] EDIT App1/views/default/index.html: 101
[2015-03-15 23:11:25] EDIT App1/views/default/index.html: 0
[2015-03-15 23:11:25] EDIT App1/views/default/index.html: 0
[2015-03-15 23:11:25] EDIT App1/views/default/index.html: 0
[2015-03-15 23:11:25] EDIT App1/views/default/index.html: 0
[2015-03-15 23:11:26] EDIT App1/views/default/index.html: 0
[2015-03-15 23:11:49] EDIT App1/views/default/index.html: 0
[2015-03-15 23:15:14] EDIT App1/views/default/index.html: 0
[2015-03-15 23:15:15] EDIT App1/views/default/index.html: 0
[2015-03-15 23:15:15] EDIT App1/views/default/index.html: 0
[2015-03-15 23:15:15] EDIT App1/views/default/index.html: 0
[2015-03-15 23:15:55] EDIT App1/views/default/index.html: 1
[2015-03-15 23:16:20] EDIT App1/views/default/index.html: 0
[2015-03-15 23:17:07] EDIT App1/views/default/index.html: 0
[2015-03-15 23:17:08] EDIT App1/views/default/index.html: 0
[2015-03-15 23:17:08] EDIT App1/views/default/index.html: 0
[2015-03-15 23:17:08] EDIT App1/views/default/index.html: 0
[2015-03-15 23:25:19] EDIT App1/controllers/default.py: 3
[2015-03-15 23:25:21] EDIT App1/controllers/default.py: 0
[2015-03-15 23:32:58] EDIT App1/controllers/default.py: 0
[2015-03-15 23:32:58] EDIT App1/controllers/default.py: 0
[2015-03-15 23:32:58] EDIT App1/controllers/default.py: 0
[2015-03-15 23:32:59] EDIT App1/controllers/default.py: 0
[2015-03-15 23:32:59] EDIT App1/controllers/default.py: 0
[2015-03-15 23:32:59] EDIT App1/controllers/default.py: 0
[2015-03-15 23:32:59] EDIT App1/controllers/default.py: 0
[2015-03-15 23:32:59] EDIT App1/controllers/default.py: 0
[2015-03-15 23:33:00] EDIT App1/controllers/default.py: 0
[2015-03-15 23:33:00] EDIT App1/controllers/default.py: 0
[2015-03-15 23:33:00] EDIT App1/controllers/default.py: 0
[2015-03-15 23:33:00] EDIT App1/controllers/default.py: 0
[2015-03-15 23:33:00] EDIT App1/controllers/default.py: 0
[2015-03-15 23:33:01] EDIT App1/controllers/default.py: 0
[2015-03-15 23:33:01] EDIT App1/controllers/default.py: 0
[2015-03-15 23:33:10] EDIT App1/controllers/default.py: 0
[2015-03-15 23:33:10] EDIT App1/controllers/default.py: 0
[2015-03-15 23:35:13] EDIT App1/controllers/default.py: 16
[2015-03-15 23:35:38] EDIT App1/controllers/default.py: 0
[2015-03-15 23:35:38] EDIT App1/controllers/default.py: 0
[2015-03-15 23:35:38] EDIT App1/controllers/default.py: 0
[2015-03-15 23:35:43] EDIT App1/controllers/default.py: 0
[2015-03-15 23:35:44] EDIT App1/controllers/default.py: 0
[2015-03-15 23:35:44] EDIT App1/controllers/default.py: 0
[2015-03-15 23:35:44] EDIT App1/controllers/default.py: 0
[2015-03-15 23:36:18] EDIT App1/controllers/default.py: 1
[2015-03-15 23:36:18] EDIT App1/controllers/default.py: 0
[2015-03-15 23:36:18] EDIT App1/controllers/default.py: 0
[2015-03-15 23:37:32] EDIT App1/controllers/default.py: 0
[2015-03-15 23:37:32] EDIT App1/controllers/default.py: 0
[2015-03-15 23:37:32] EDIT App1/controllers/default.py: 0
[2015-03-15 23:38:19] EDIT App1/controllers/default.py: -3
[2015-03-15 23:38:19] EDIT App1/controllers/default.py: 0
[2015-03-15 23:38:19] EDIT App1/controllers/default.py: 0
[2015-03-15 23:38:19] EDIT App1/controllers/default.py: 0
[2015-03-15 23:38:19] EDIT App1/controllers/default.py: 0
[2015-03-15 23:38:20] EDIT App1/controllers/default.py: 0
[2015-03-15 23:38:22] EDIT App1/controllers/default.py: 0
[2015-03-15 23:38:22] EDIT App1/controllers/default.py: 0
[2015-03-15 23:38:22] EDIT App1/controllers/default.py: 0
[2015-03-15 23:39:00] EDIT App1/controllers/default.py: 1
[2015-03-15 23:39:01] EDIT App1/controllers/default.py: 0
[2015-03-15 23:39:01] EDIT App1/controllers/default.py: 0
[2015-03-15 23:39:44] EDIT App1/controllers/default.py: 1
[2015-03-15 23:39:44] EDIT App1/controllers/default.py: 0
[2015-03-15 23:39:44] EDIT App1/controllers/default.py: 0
[2015-03-15 23:39:44] EDIT App1/controllers/default.py: 0
[2015-03-15 23:39:44] EDIT App1/controllers/default.py: 0
[2015-03-15 23:40:05] EDIT App1/controllers/default.py: 1
[2015-03-15 23:40:05] EDIT App1/controllers/default.py: 0
[2015-03-15 23:40:05] EDIT App1/controllers/default.py: 0
[2015-03-15 23:40:05] EDIT App1/controllers/default.py: 0
[2015-03-15 23:40:05] EDIT App1/controllers/default.py: 0
[2015-03-15 23:40:06] EDIT App1/controllers/default.py: 0
[2015-03-15 23:40:06] EDIT App1/controllers/default.py: 0
[2015-03-15 23:40:06] EDIT App1/controllers/default.py: 0
[2015-03-15 23:40:06] EDIT App1/controllers/default.py: 0
[2015-03-15 23:40:06] EDIT App1/controllers/default.py: 0
[2015-03-15 23:40:07] EDIT App1/controllers/default.py: 0
[2015-03-15 23:40:07] EDIT App1/controllers/default.py: 0
[2015-03-15 23:40:07] EDIT App1/controllers/default.py: 0
[2015-03-15 23:40:08] EDIT App1/controllers/default.py: 0
[2015-03-15 23:40:08] EDIT App1/controllers/default.py: 0
[2015-03-15 23:40:08] EDIT App1/controllers/default.py: 0
[2015-03-15 23:40:08] EDIT App1/controllers/default.py: 0
[2015-03-15 23:40:09] EDIT App1/controllers/default.py: 0
[2015-03-15 23:40:09] EDIT App1/controllers/default.py: 0
[2015-03-15 23:40:09] EDIT App1/controllers/default.py: 0
[2015-03-15 23:40:10] EDIT App1/controllers/default.py: 0
[2015-03-15 23:40:10] EDIT App1/controllers/default.py: 0
[2015-03-15 23:40:10] EDIT App1/controllers/default.py: 0
[2015-03-15 23:40:44] EDIT App1/controllers/default.py: 0
[2015-03-15 23:40:44] EDIT App1/controllers/default.py: 0
[2015-03-15 23:40:44] EDIT App1/controllers/default.py: 0
[2015-03-15 23:40:45] EDIT App1/controllers/default.py: 0
[2015-03-15 23:40:45] EDIT App1/controllers/default.py: 0
[2015-03-15 23:41:55] EDIT App1/controllers/default.py: 1
[2015-03-15 23:41:56] EDIT App1/controllers/default.py: 0
[2015-03-15 23:41:56] EDIT App1/controllers/default.py: 0
[2015-03-15 23:43:30] EDIT App1/controllers/default.py: 2
[2015-03-15 23:43:31] EDIT App1/controllers/default.py: 0
[2015-03-15 23:43:31] EDIT App1/controllers/default.py: 0
[2015-03-15 23:43:31] EDIT App1/controllers/default.py: 0
[2015-03-15 23:43:31] EDIT App1/controllers/default.py: 0
[2015-03-15 23:43:31] EDIT App1/controllers/default.py: 0
[2015-03-15 23:43:37] EDIT App1/controllers/default.py: 0
[2015-03-15 23:43:37] EDIT App1/controllers/default.py: 0
[2015-03-15 23:43:38] EDIT App1/controllers/default.py: 0
[2015-03-15 23:43:38] EDIT App1/controllers/default.py: 0
[2015-03-15 23:43:38] EDIT App1/controllers/default.py: 0
[2015-03-15 23:43:38] EDIT App1/controllers/default.py: 0
[2015-03-15 23:43:39] EDIT App1/controllers/default.py: 0
[2015-03-15 23:43:39] EDIT App1/controllers/default.py: 0
[2015-03-15 23:43:39] EDIT App1/controllers/default.py: 0
[2015-03-15 23:43:39] EDIT App1/controllers/default.py: 0
[2015-03-15 23:43:39] EDIT App1/controllers/default.py: 0
[2015-03-15 23:43:40] EDIT App1/controllers/default.py: 0
[2015-03-15 23:43:40] EDIT App1/controllers/default.py: 0
[2015-03-15 23:43:40] EDIT App1/controllers/default.py: 0
[2015-03-15 23:43:40] EDIT App1/controllers/default.py: 0
[2015-03-15 23:43:41] EDIT App1/controllers/default.py: 0
[2015-03-15 23:43:41] EDIT App1/controllers/default.py: 0
[2015-03-15 23:46:31] EDIT App1/controllers/default.py: 1
[2015-03-15 23:47:03] EDIT App1/controllers/default.py: 0
[2015-03-15 23:47:38] EDIT App1/controllers/default.py: -4
[2015-03-15 23:47:39] EDIT App1/controllers/default.py: 0
[2015-03-15 23:47:39] EDIT App1/controllers/default.py: 0
[2015-03-15 23:49:22] EDIT App1/controllers/default.py: 0
[2015-03-15 23:49:22] EDIT App1/controllers/default.py: 0
[2015-03-15 23:49:22] EDIT App1/controllers/default.py: 0
[2015-03-15 23:50:01] EDIT App1/controllers/default.py: 1
[2015-03-15 23:50:01] EDIT App1/controllers/default.py: 0
[2015-03-15 23:50:24] EDIT App1/controllers/default.py: 0
[2015-03-15 23:50:24] EDIT App1/controllers/default.py: 0
[2015-03-15 23:51:12] EDIT App1/controllers/default.py: 3
[2015-03-15 23:51:12] EDIT App1/controllers/default.py: 0
[2015-03-15 23:51:12] EDIT App1/controllers/default.py: 0
[2015-03-15 23:51:12] EDIT App1/controllers/default.py: 0
[2015-03-15 23:51:13] EDIT App1/controllers/default.py: 0
[2015-03-15 23:51:13] EDIT App1/controllers/default.py: 0
[2015-03-15 23:51:13] EDIT App1/controllers/default.py: 0
[2015-03-15 23:51:13] EDIT App1/controllers/default.py: 0
[2015-03-15 23:51:14] EDIT App1/controllers/default.py: 0
[2015-03-15 23:51:14] EDIT App1/controllers/default.py: 0
[2015-03-15 23:54:43] EDIT App1/controllers/default.py: 0
[2015-03-15 23:54:45] EDIT App1/controllers/default.py: 0
[2015-03-15 23:54:45] EDIT App1/controllers/default.py: 0
[2015-03-15 23:54:45] EDIT App1/controllers/default.py: 0
[2015-03-15 23:54:45] EDIT App1/controllers/default.py: 0
[2015-03-15 23:54:45] EDIT App1/controllers/default.py: 0
[2015-03-15 23:54:49] EDIT App1/controllers/default.py: 0
[2015-03-15 23:54:49] EDIT App1/controllers/default.py: 0
[2015-03-15 23:54:50] EDIT App1/controllers/default.py: 0
[2015-03-15 23:54:50] EDIT App1/controllers/default.py: 0
[2015-03-15 23:56:03] EDIT App1/controllers/default.py: 0
[2015-03-15 23:56:03] EDIT App1/controllers/default.py: 0
[2015-03-15 23:56:27] EDIT App1/controllers/default.py: 0
[2015-03-15 23:56:46] EDIT App1/controllers/default.py: 0
[2015-03-15 23:56:47] EDIT App1/controllers/default.py: 0
[2015-03-15 23:56:47] EDIT App1/controllers/default.py: 0
[2015-03-15 23:56:47] EDIT App1/controllers/default.py: 0
[2015-03-15 23:58:14] EDIT App1/controllers/default.py: 0
[2015-03-15 23:59:29] EDIT App1/controllers/default.py: 0
[2015-03-15 23:59:29] EDIT App1/controllers/default.py: 0
[2015-03-15 23:59:29] EDIT App1/controllers/default.py: 0
[2015-03-15 23:59:29] EDIT App1/controllers/default.py: 0
[2015-03-15 23:59:30] EDIT App1/controllers/default.py: 0
[2015-03-15 23:59:30] EDIT App1/controllers/default.py: 0
[2015-03-15 23:59:31] EDIT App1/controllers/default.py: 0
[2015-03-15 23:59:31] EDIT App1/controllers/default.py: 0
[2015-03-15 23:59:31] EDIT App1/controllers/default.py: 0
[2015-03-15 23:59:31] EDIT App1/controllers/default.py: 0
[2015-03-15 23:59:32] EDIT App1/controllers/default.py: 0
[2015-03-15 23:59:32] EDIT App1/controllers/default.py: 0
[2015-03-15 23:59:32] EDIT App1/controllers/default.py: 0
[2015-03-15 23:59:33] EDIT App1/controllers/default.py: 0
[2015-03-15 23:59:33] EDIT App1/controllers/default.py: 0
[2015-03-15 23:59:33] EDIT App1/controllers/default.py: 0
[2015-03-15 23:59:34] EDIT App1/controllers/default.py: 0
[2015-03-15 23:59:34] EDIT App1/controllers/default.py: 0
[2015-03-16 00:02:09] EDIT App1/views/layout.html: 0
[2015-03-16 00:02:45] EDIT App1/views/layout.html: 0
[2015-03-16 00:03:26] EDIT App1/views/layout.html: 0
[2015-03-16 00:05:03] EDIT App1/views/layout.html: 0
[2015-03-16 00:05:04] EDIT App1/views/layout.html: 0
[2015-03-16 00:07:42] EDIT App1/controllers/default.py: 0
[2015-03-16 00:07:42] EDIT App1/controllers/default.py: 0
[2015-03-16 00:07:42] EDIT App1/controllers/default.py: 0
[2015-03-16 00:07:43] EDIT App1/controllers/default.py: 0
[2015-03-16 00:07:43] EDIT App1/controllers/default.py: 0
[2015-03-16 00:07:43] EDIT App1/controllers/default.py: 0
[2015-03-16 00:07:43] EDIT App1/controllers/default.py: 0
[2015-03-16 00:07:43] EDIT App1/controllers/default.py: 0
[2015-03-16 00:07:44] EDIT App1/controllers/default.py: 0
[2015-03-16 00:07:44] EDIT App1/controllers/default.py: 0
[2015-03-16 00:07:48] EDIT App1/controllers/default.py: 0
[2015-03-16 00:07:48] EDIT App1/controllers/default.py: 0
[2015-03-16 00:07:48] EDIT App1/controllers/default.py: 0
[2015-03-16 00:08:38] EDIT App1/controllers/default.py: 0
[2015-03-16 00:09:56] EDIT App1/controllers/default.py: 0
[2015-03-16 00:10:37] EDIT App1/controllers/default.py: 0
[2015-03-16 00:11:19] EDIT App1/controllers/default.py: 0
[2015-03-16 00:16:59] EDIT App1/controllers/default.py: 0
[2015-03-16 00:17:16] EDIT App1/controllers/default.py: 0
[2015-03-16 00:17:17] EDIT App1/controllers/default.py: 0
[2015-03-16 00:17:17] EDIT App1/controllers/default.py: 0
[2015-03-16 00:17:17] EDIT App1/controllers/default.py: 0
[2015-03-16 00:17:27] EDIT App1/controllers/default.py: 0
[2015-03-16 00:17:27] EDIT App1/controllers/default.py: 0
[2015-03-16 00:17:28] EDIT App1/controllers/default.py: 0
[2015-03-16 00:17:28] EDIT App1/controllers/default.py: 0
[2015-03-16 00:17:31] EDIT App1/controllers/default.py: 0
[2015-03-16 00:17:32] EDIT App1/controllers/default.py: 0
[2015-03-16 00:17:32] EDIT App1/controllers/default.py: 0
[2015-03-16 00:18:03] EDIT App1/controllers/default.py: 0
[2015-03-16 00:18:03] EDIT App1/controllers/default.py: 0
[2015-03-16 00:18:04] EDIT App1/controllers/default.py: 0
[2015-03-16 00:18:04] EDIT App1/controllers/default.py: 0
[2015-03-16 00:18:07] EDIT App1/controllers/default.py: 0
[2015-03-16 00:18:07] EDIT App1/controllers/default.py: 0
[2015-03-16 00:18:44] EDIT App1/controllers/default.py: 0
[2015-03-16 00:18:44] EDIT App1/controllers/default.py: 0
[2015-03-16 00:18:44] EDIT App1/controllers/default.py: 0
[2015-03-16 00:18:45] EDIT App1/controllers/default.py: 0
[2015-03-16 00:18:53] EDIT App1/controllers/default.py: 0
[2015-03-16 00:19:12] EDIT App1/controllers/default.py: 0
[2015-03-16 00:19:26] EDIT App1/controllers/default.py: 0
[2015-03-16 00:19:40] EDIT App1/controllers/default.py: 0
[2015-03-16 00:20:12] EDIT App1/controllers/default.py: 0
[2015-03-16 00:20:13] EDIT App1/controllers/default.py: 0
[2015-03-16 00:20:13] EDIT App1/controllers/default.py: 0
[2015-03-16 00:20:36] EDIT App1/controllers/default.py: 0
[2015-03-16 00:20:36] EDIT App1/controllers/default.py: 0
[2015-03-16 00:20:36] EDIT App1/controllers/default.py: 0
[2015-03-16 00:23:47] EDIT App1/static/plugin_layouts/layouts/FlashyWeb/default.css: 0
[2015-03-16 00:23:48] EDIT App1/static/plugin_layouts/layouts/FlashyWeb/default.css: 0
[2015-03-16 00:23:48] EDIT App1/static/plugin_layouts/layouts/FlashyWeb/default.css: 0
[2015-03-16 00:26:09] EDIT App1/static/plugin_layouts/layouts/FlashyWeb/default.css: 0
[2015-03-16 00:27:27] EDIT App1/static/plugin_layouts/layouts/FlashyWeb/default.css: 1
[2015-03-16 00:27:27] EDIT App1/static/plugin_layouts/layouts/FlashyWeb/default.css: 0
[2015-03-16 00:27:45] EDIT App1/static/plugin_layouts/layouts/FlashyWeb/default.css: 1
[2015-03-16 00:28:57] EDIT App1/static/plugin_layouts/layouts/FlashyWeb/default.css: 0
[2015-03-16 00:29:19] EDIT App1/static/plugin_layouts/layouts/FlashyWeb/default.css: -2
[2015-03-16 00:29:20] EDIT App1/static/plugin_layouts/layouts/FlashyWeb/default.css: 0
[2015-03-16 00:33:04] EDIT App1/views/layout.html: 0
[2015-03-16 00:33:38] EDIT App1/views/layout.html: 0
[2015-03-16 00:34:08] EDIT App1/views/layout.html: 0
[2015-03-16 00:34:09] EDIT App1/views/layout.html: 0
[2015-03-31 19:24:12] EDIT Assignment/controllers/default.py: 0
[2015-03-31 19:34:36] EDIT Assignment/controllers/default.py: 0
[2015-03-31 19:43:18] CREATE db_main.py: 0
[2015-03-31 19:43:33] EDIT Assignment/models/db_main.py: 1
[2015-03-31 19:47:24] EDIT Assignment/models/db_main.py: 0
[2015-03-31 19:51:09] EDIT Assignment/models/db_main.py: 0
[2015-03-31 19:51:38] EDIT Assignment/models/db_main.py: 0
[2015-03-31 19:52:12] EDIT Assignment/models/db_main.py: 0
[2015-03-31 19:54:11] EDIT Assignment/models/db_main.py: 0
[2015-03-31 19:55:02] EDIT Assignment/models/db_main.py: -1
[2015-03-31 19:56:38] EDIT Assignment/models/db_main.py: 1
[2015-03-31 23:41:46] EDIT Assignment/models/db_main.py: 0
[2015-03-31 23:42:19] EDIT Assignment/models/db_main.py: 0
[2015-03-31 23:42:56] EDIT Assignment/models/db_main.py: 0
[2015-03-31 23:42:58] EDIT Assignment/models/db_main.py: 0
[2015-03-31 23:43:45] EDIT Assignment/models/db_main.py: 0
[2015-03-31 23:43:47] EDIT Assignment/models/db_main.py: 0
[2015-03-31 23:45:03] EDIT Assignment/models/db_main.py: 0
[2015-03-31 23:47:14] EDIT Assignment/models/db_main.py: 4
[2015-03-31 23:47:21] EDIT Assignment/models/db_main.py: 1
[2015-03-31 23:48:00] EDIT Assignment/models/db_main.py: 0
[2015-03-31 23:48:17] EDIT Assignment/models/db_main.py: 0
[2015-03-31 23:53:47] EDIT Assignment/models/db_main.py: 4
[2015-03-31 23:53:54] EDIT Assignment/models/db_main.py: 0
[2015-03-31 23:57:01] EDIT Assignment/models/db_main.py: 0
[2015-04-01 00:00:03] EDIT Assignment/models/db_main.py: 0
[2015-04-01 00:00:53] EDIT Assignment/models/db_main.py: 0
[2015-04-01 00:01:26] EDIT Assignment/models/db_main.py: 0
[2015-04-01 00:07:59] EDIT Assignment/models/db_main.py: 6
[2015-04-01 00:08:31] EDIT Assignment/models/db_main.py: 0
[2015-04-01 00:08:55] EDIT Assignment/models/db_main.py: 0
[2015-04-01 00:19:48] EDIT Assignment/models/db_main.py: 0
[2015-04-01 00:24:02] EDIT Assignment/models/db_main.py: 0
[2015-04-01 00:36:38] EDIT Assignment/models/db_main.py: 0
[2015-04-01 01:05:22] EDIT Assignment/controllers/default.py: 6
[2015-04-01 01:05:42] EDIT Assignment/controllers/default.py: -1
[2015-04-01 01:10:00] EDIT Assignment/models/db_main.py: 1
[2015-04-01 01:11:00] EDIT Assignment/models/db_main.py: 0
[2015-04-01 01:11:43] EDIT Assignment/models/db_main.py: 0
[2015-04-01 01:15:59] EDIT Assignment/controllers/default.py: 0
[2015-04-01 01:58:49] EDIT Assignment/controllers/default.py: 2
[2015-04-01 02:10:58] EDIT Assignment/controllers/default.py: 2
[2015-04-01 02:17:05] EDIT Assignment/controllers/default.py: 0
[2015-04-01 02:17:23] EDIT Assignment/controllers/default.py: 0
[2015-04-01 02:45:54] EDIT Assignment/controllers/default.py: 1
[2015-04-01 02:46:16] EDIT Assignment/controllers/default.py: 0
[2015-04-01 02:47:45] EDIT Assignment/controllers/default.py: 1
[2015-04-01 02:48:25] EDIT Assignment/controllers/default.py: 0
[2015-04-01 02:54:22] EDIT Assignment/controllers/default.py: 0
[2015-04-01 02:58:39] EDIT Assignment/controllers/default.py: 0
[2015-04-01 02:59:52] EDIT Assignment/controllers/default.py: 0
[2015-04-01 03:04:41] EDIT Assignment/controllers/default.py: 0
[2015-04-01 03:10:11] EDIT Assignment/controllers/default.py: 0
[2015-04-01 03:27:16] EDIT Assignment/controllers/default.py: 4
[2015-04-01 03:29:28] EDIT Assignment/controllers/default.py: 0
[2015-04-01 03:30:07] EDIT Assignment/controllers/default.py: 1
[2015-04-01 03:30:15] EDIT Assignment/controllers/default.py: 1
[2015-04-01 03:34:43] EDIT Assignment/controllers/default.py: 0
[2015-04-01 03:35:18] EDIT Assignment/controllers/default.py: 0
[2015-04-01 03:37:31] EDIT Assignment/controllers/default.py: 0
[2015-04-01 03:39:29] EDIT Assignment/controllers/default.py: 0
[2015-04-01 03:39:45] EDIT Assignment/controllers/default.py: 0
[2015-04-01 03:41:32] EDIT Assignment/controllers/default.py: 0
[2015-04-01 03:41:59] EDIT Assignment/controllers/default.py: 0
[2015-04-01 03:43:23] EDIT Assignment/controllers/default.py: 0
[2015-04-01 03:44:25] EDIT Assignment/controllers/default.py: 0
[2015-04-01 03:47:24] EDIT Assignment/controllers/default.py: 0
[2015-04-01 03:48:34] EDIT Assignment/controllers/default.py: 0
[2015-04-01 03:51:46] EDIT Assignment/controllers/default.py: 0
[2015-04-01 03:52:00] EDIT Assignment/controllers/default.py: 0
[2015-04-01 03:53:15] EDIT Assignment/controllers/default.py: 0
[2015-04-01 03:53:38] EDIT Assignment/controllers/default.py: 0
[2015-04-01 03:54:40] EDIT Assignment/controllers/default.py: 0
[2015-04-01 03:58:20] EDIT Assignment/controllers/default.py: -1
[2015-04-01 04:01:22] EDIT Assignment/controllers/default.py: 0
[2015-04-01 04:04:49] EDIT Assignment/controllers/default.py: 0
[2015-04-01 04:07:18] EDIT Assignment/models/db_main.py: 0
[2015-04-01 04:07:20] EDIT Assignment/models/db_main.py: 0
[2015-04-01 04:08:13] EDIT Assignment/controllers/default.py: 0
[2015-04-01 04:11:21] EDIT Assignment/models/db_main.py: 0
[2015-04-01 04:11:58] EDIT Assignment/models/db_main.py: 0
[2015-04-01 04:12:35] EDIT Assignment/controllers/default.py: 0
[2015-04-01 04:12:36] EDIT Assignment/controllers/default.py: 0
[2015-04-01 04:13:05] EDIT Assignment/models/db_main.py: 0
[2015-04-01 04:18:31] EDIT Assignment/controllers/default.py: 0
[2015-04-01 04:19:02] EDIT Assignment/models/db_main.py: 0
[2015-04-01 04:21:21] EDIT Assignment/models/db_main.py: 0
[2015-04-01 04:24:24] EDIT Assignment/models/db_main.py: 0
[2015-04-01 04:26:37] EDIT Assignment/models/db_main.py: 0
[2015-04-01 04:27:35] EDIT Assignment/models/db_main.py: 0
[2015-04-01 04:33:25] EDIT Assignment/models/db_main.py: 0
[2015-04-01 04:36:21] EDIT Assignment/controllers/default.py: 0
[2015-04-01 04:45:54] EDIT Assignment/controllers/default.py: 0
[2015-04-01 04:52:40] EDIT Assignment/models/db_main.py: 0
[2015-04-01 04:53:54] EDIT Assignment/models/db_main.py: 0
[2015-04-01 04:54:08] EDIT Assignment/models/db_main.py: 0
[2015-04-01 04:54:09] EDIT Assignment/models/db_main.py: 0
[2015-04-01 04:54:10] EDIT Assignment/models/db_main.py: 0
[2015-04-01 04:55:03] EDIT Assignment/models/db_main.py: 0
[2015-04-01 04:55:08] EDIT Assignment/models/db_main.py: 0
[2015-04-01 04:55:29] EDIT Assignment/controllers/default.py: 0
[2015-04-01 04:56:40] EDIT Assignment/controllers/default.py: 0
[2015-04-01 05:04:51] EDIT Assignment/models/db_main.py: 0
[2015-04-01 05:06:25] EDIT Assignment/controllers/default.py: 0
[2015-04-01 05:07:24] EDIT Assignment/controllers/default.py: 0
[2015-04-01 05:07:55] EDIT Assignment/controllers/default.py: 0
[2015-04-01 05:09:11] EDIT Assignment/controllers/default.py: 0
[2015-04-01 05:22:49] EDIT Assignment/controllers/default.py: 0
[2015-04-01 05:23:02] EDIT Assignment/controllers/default.py: 0
[2015-04-01 05:25:10] EDIT Assignment/controllers/default.py: 0
[2015-04-01 05:25:12] EDIT Assignment/controllers/default.py: 0
[2015-04-01 05:25:12] EDIT Assignment/controllers/default.py: 0
[2015-04-01 05:28:20] EDIT Assignment/controllers/default.py: 0
[2015-04-01 05:28:50] EDIT Assignment/controllers/default.py: 0
[2015-04-01 05:39:51] EDIT Assignment/controllers/default.py: 0
[2015-04-01 05:43:06] EDIT Assignment/controllers/default.py: 1
[2015-04-01 11:45:45] EDIT Assignment/controllers/default.py: 0
[2015-04-01 11:48:25] EDIT Assignment/controllers/default.py: 0
[2015-04-01 11:51:23] EDIT Assignment/controllers/default.py: 0
[2015-04-01 12:24:51] EDIT Assignment/controllers/default.py: 2
[2015-04-01 12:25:00] EDIT Assignment/controllers/default.py: 0
[2015-04-01 12:26:40] EDIT Assignment/controllers/default.py: 0
[2015-04-01 12:29:50] EDIT Assignment/controllers/default.py: 0
[2015-04-01 12:31:26] EDIT Assignment/controllers/default.py: 0
[2015-04-01 12:31:27] EDIT Assignment/controllers/default.py: 0
[2015-04-01 12:32:38] EDIT Assignment/controllers/default.py: 0
[2015-04-01 12:34:47] EDIT Assignment/controllers/default.py: 0
[2015-04-01 12:35:00] EDIT Assignment/controllers/default.py: 0
[2015-04-01 12:39:08] EDIT Assignment/controllers/default.py: 0
[2015-04-01 12:40:35] EDIT Assignment/controllers/default.py: 0
[2015-04-01 12:47:34] EDIT Assignment/controllers/default.py: 0
[2015-04-01 12:58:11] EDIT Assignment/controllers/default.py: 0
[2015-04-01 13:00:09] EDIT Assignment/controllers/default.py: 0
[2015-04-01 15:29:46] DELETE Assignment/views/layout.html.1: -166
[2015-04-01 15:33:56] EDIT Assignment/views/layout.html: -13
[2015-04-01 15:52:46] EDIT Assignment/views/layout.html: 2
[2015-04-01 15:53:31] EDIT Assignment/views/layout.html: 0
[2015-04-01 15:54:05] EDIT Assignment/views/default/user.html: 1
[2015-04-01 15:54:17] EDIT Assignment/views/default/user.html: 0
[2015-04-01 15:55:35] EDIT Assignment/views/layout.html: 0
[2015-04-01 16:01:27] EDIT Assignment/views/layout.html: 0
[2015-04-01 16:04:48] EDIT Assignment/views/layout.html: 0
[2015-04-01 16:05:23] EDIT Assignment/views/layout.html: 1
[2015-04-01 16:05:28] EDIT Assignment/views/layout.html: 0
[2015-04-01 16:05:40] EDIT Assignment/views/layout.html: 0
[2015-04-01 16:08:44] EDIT Assignment/views/default/index.html: -101
[2015-04-01 16:08:45] EDIT Assignment/views/default/index.html: 0
[2015-04-01 16:08:59] EDIT Assignment/views/default/user.html: 0
[2015-04-01 16:09:07] EDIT Assignment/views/layout.html: 0
[2015-04-01 16:09:44] EDIT Assignment/views/default/index.html: 0
[2015-04-01 16:11:36] EDIT Assignment/views/default/index.html: 0
[2015-04-01 16:13:12] EDIT Assignment/views/default/index.html: 0
[2015-04-01 16:14:16] EDIT Assignment/views/default/index.html: 0
[2015-04-01 16:14:41] EDIT Assignment/views/default/index.html: 0
[2015-04-01 16:15:17] EDIT Assignment/views/default/index.html: 0
[2015-04-01 16:16:26] EDIT Assignment/views/default/index.html: 0
[2015-04-01 16:16:47] EDIT Assignment/views/default/index.html: 0
[2015-04-01 16:17:10] EDIT Assignment/views/default/index.html: 0
[2015-04-01 16:19:48] EDIT Assignment/views/default/index.html: 0
[2015-04-01 16:21:10] EDIT Assignment/controllers/default.py: 0
[2015-04-01 16:21:21] EDIT Assignment/controllers/default.py: 0
[2015-04-01 16:25:53] EDIT Assignment/views/default/index.html: 0
[2015-04-01 16:26:24] CREATE news.html: 0
[2015-04-01 16:26:50] EDIT Assignment/views/news.html: -2
[2015-04-01 16:27:20] EDIT Assignment/controllers/default.py: 0
[2015-04-01 16:33:59] EDIT Assignment/views/layout.html: 0
[2015-04-01 16:35:48] EDIT Assignment/views/layout.html: -3
[2015-04-01 16:42:42] EDIT Assignment/views/layout.html: 5
[2015-04-01 16:42:50] EDIT Assignment/views/layout.html: 0
[2015-04-01 16:42:58] EDIT Assignment/views/layout.html: 0
[2015-04-01 16:47:24] EDIT Assignment/views/layout.html: -1
[2015-04-01 16:47:25] EDIT Assignment/views/layout.html: 0
[2015-04-01 16:47:27] EDIT Assignment/views/layout.html: 0
[2015-04-01 16:47:29] EDIT Assignment/views/layout.html: 0
[2015-04-01 16:48:11] EDIT Assignment/views/layout.html: -2
[2015-04-01 16:49:31] EDIT Assignment/views/layout.html: 0
[2015-04-01 16:49:33] EDIT Assignment/views/layout.html: 0
[2015-04-01 16:51:29] EDIT Assignment/views/layout.html: 0
[2015-04-01 16:53:52] EDIT Assignment/views/layout.html: 0
[2015-04-01 16:55:20] EDIT Assignment/static/plugin_layouts/layouts/FlashyWeb/default.css: 0
[2015-04-01 16:55:54] EDIT Assignment/static/plugin_layouts/layouts/FlashyWeb/default.css: 0
[2015-04-01 16:56:16] EDIT Assignment/static/plugin_layouts/layouts/FlashyWeb/default.css: 0
[2015-04-01 16:56:26] EDIT Assignment/static/plugin_layouts/layouts/FlashyWeb/default.css: 0
[2015-04-01 16:56:47] EDIT Assignment/static/plugin_layouts/layouts/FlashyWeb/default.css: 0
[2015-04-01 16:56:57] EDIT Assignment/static/plugin_layouts/layouts/FlashyWeb/default.css: 0
[2015-04-01 17:01:24] EDIT Assignment/controllers/default.py: 0
[2015-04-01 17:02:00] EDIT Assignment/controllers/default.py: 0
[2015-04-01 17:04:39] EDIT Assignment/controllers/default.py: 0
[2015-04-01 17:06:43] EDIT Assignment/controllers/default.py: 0
[2015-04-01 17:07:23] EDIT Assignment/controllers/default.py: 0
[2015-04-01 17:07:41] EDIT Assignment/controllers/default.py: 0
[2015-04-01 17:08:28] EDIT Assignment/controllers/default.py: 0
[2015-04-01 17:08:43] EDIT Assignment/controllers/default.py: 0
[2015-04-01 17:09:32] EDIT Assignment/controllers/default.py: 0
[2015-04-01 17:09:42] EDIT Assignment/controllers/default.py: 0
[2015-04-01 17:10:11] EDIT Assignment/controllers/default.py: 0
[2015-04-01 17:12:27] EDIT Assignment/controllers/default.py: 0
[2015-04-01 17:12:42] EDIT Assignment/controllers/default.py: 0
[2015-04-01 17:16:25] EDIT Assignment/controllers/default.py: 0
[2015-04-01 17:16:34] EDIT Assignment/controllers/default.py: 0
[2015-04-01 17:16:41] EDIT Assignment/controllers/default.py: 0
[2015-04-01 17:17:02] EDIT Assignment/controllers/default.py: 0
[2015-04-01 17:22:06] EDIT Assignment/controllers/default.py: 0
[2015-04-01 17:22:37] EDIT Assignment/controllers/default.py: 0
[2015-04-01 17:23:05] EDIT Assignment/controllers/default.py: 0
[2015-04-01 17:23:20] EDIT Assignment/controllers/default.py: 0
[2015-04-01 17:23:34] EDIT Assignment/controllers/default.py: 0
[2015-04-01 17:23:44] EDIT Assignment/controllers/default.py: 0
[2015-04-01 17:23:59] EDIT Assignment/controllers/default.py: 0
[2015-04-01 17:24:18] EDIT Assignment/controllers/default.py: 0
[2015-04-01 17:24:42] EDIT Assignment/controllers/default.py: 0
[2015-04-01 17:25:36] EDIT Assignment/controllers/default.py: 0
[2015-04-01 17:26:12] EDIT Assignment/controllers/default.py: 0
[2015-04-01 17:27:14] EDIT Assignment/controllers/default.py: 0
[2015-04-01 17:27:17] EDIT Assignment/controllers/default.py: 0
[2015-04-01 17:28:49] EDIT Assignment/controllers/default.py: 0
[2015-04-01 17:29:08] EDIT Assignment/controllers/default.py: 0
[2015-04-01 17:29:25] EDIT Assignment/controllers/default.py: 0
[2015-04-01 17:30:52] EDIT Assignment/controllers/default.py: 0
[2015-04-01 17:33:14] EDIT Assignment/controllers/default.py: 0
[2015-04-01 17:33:35] EDIT Assignment/controllers/default.py: 0
[2015-04-01 17:33:53] EDIT Assignment/controllers/default.py: 0
[2015-04-01 17:35:20] EDIT Assignment/controllers/default.py: 0
[2015-04-01 17:35:47] EDIT Assignment/controllers/default.py: 0
[2015-04-01 17:36:16] EDIT Assignment/controllers/default.py: 0
[2015-04-01 17:36:32] EDIT Assignment/controllers/default.py: 0
[2015-04-01 17:36:36] EDIT Assignment/controllers/default.py: 0
[2015-04-01 17:36:49] EDIT Assignment/controllers/default.py: 0
[2015-04-01 17:46:13] EDIT Assignment/controllers/default.py: 0
[2015-04-01 17:46:13] EDIT Assignment/controllers/default.py: 0
[2015-04-01 17:46:13] EDIT Assignment/controllers/default.py: 0
[2015-04-01 17:46:13] EDIT Assignment/controllers/default.py: 0
[2015-04-01 17:46:13] EDIT Assignment/controllers/default.py: 0
[2015-04-01 17:46:14] EDIT Assignment/controllers/default.py: 0
[2015-04-01 17:46:14] EDIT Assignment/controllers/default.py: 0
[2015-04-01 17:46:14] EDIT Assignment/controllers/default.py: 0
[2015-04-01 17:46:15] EDIT Assignment/controllers/default.py: 0
[2015-04-01 17:46:15] EDIT Assignment/controllers/default.py: 0
[2015-04-01 17:46:15] EDIT Assignment/controllers/default.py: 0
[2015-04-01 17:46:15] EDIT Assignment/controllers/default.py: 0
[2015-04-01 18:54:56] EDIT Assignment/controllers/default.py: -4
[2015-04-01 18:55:54] EDIT Assignment/controllers/default.py: 1
[2015-04-01 18:56:19] EDIT Assignment/controllers/default.py: -6
[2015-04-01 19:02:09] EDIT Assignment/views/layout.html: 9
[2015-04-01 19:02:40] EDIT Assignment/views/layout.html: 0
[2015-04-01 19:02:41] EDIT Assignment/views/layout.html: 0
[2015-04-01 19:02:49] EDIT Assignment/views/layout.html: 0
[2015-04-01 19:03:04] EDIT Assignment/views/layout.html: 2
[2015-04-01 19:03:08] EDIT Assignment/views/layout.html: 0
[2015-04-01 19:04:24] EDIT Assignment/controllers/default.py: 0
[2015-04-01 19:04:38] EDIT Assignment/controllers/default.py: 0
[2015-04-01 19:04:41] EDIT Assignment/controllers/default.py: 0
[2015-04-01 19:05:46] EDIT Assignment/views/layout.html: 0
[2015-04-01 19:06:19] EDIT Assignment/views/layout.html: 0
[2015-04-01 19:06:24] EDIT Assignment/views/layout.html: 0
[2015-04-01 19:06:28] EDIT Assignment/views/layout.html: 0
[2015-04-01 19:06:57] EDIT Assignment/views/layout.html: 0
[2015-04-01 19:06:59] EDIT Assignment/views/layout.html: 0
[2015-04-01 19:06:59] EDIT Assignment/views/layout.html: 0
[2015-04-01 19:10:09] EDIT Assignment/views/layout.html: 0
[2015-04-01 19:13:16] EDIT Assignment/views/news.html: 11
[2015-04-01 19:13:17] EDIT Assignment/views/news.html: 0
[2015-04-01 19:13:24] EDIT Assignment/views/news.html: 0
[2015-04-01 19:14:15] EDIT Assignment/controllers/default.py: -17
[2015-04-01 19:14:16] EDIT Assignment/controllers/default.py: 0
[2015-04-01 19:14:43] EDIT Assignment/controllers/default.py: 0
[2015-04-01 19:15:17] EDIT Assignment/controllers/default.py: 0
[2015-04-01 19:15:55] EDIT Assignment/controllers/default.py: 0
[2015-04-01 19:16:15] EDIT Assignment/controllers/default.py: 0
[2015-04-01 19:16:50] EDIT Assignment/views/news.html: 0
[2015-04-01 19:16:59] EDIT Assignment/views/default/index.html: 0
[2015-04-01 19:19:42] EDIT Assignment/controllers/default.py: 17
[2015-04-01 19:20:25] EDIT Assignment/controllers/default.py: 0
[2015-04-01 19:21:22] EDIT Assignment/views/news.html: 0
[2015-04-01 19:22:02] EDIT Assignment/views/news.html: 0
[2015-04-01 19:22:36] EDIT Assignment/views/news.html: 0
[2015-04-01 19:24:33] EDIT Assignment/views/news.html: 0
[2015-04-01 19:24:54] EDIT Assignment/views/news.html: 0
[2015-04-01 19:25:42] EDIT Assignment/views/news.html: 0
[2015-04-01 19:26:06] EDIT Assignment/views/news.html: 0
[2015-04-01 19:26:11] EDIT Assignment/views/news.html: 0
[2015-04-01 19:26:20] EDIT Assignment/views/news.html: 0
[2015-04-01 19:27:46] EDIT Assignment/views/news.html: 0
[2015-04-01 19:28:07] EDIT Assignment/views/news.html: 0
[2015-04-01 19:28:52] EDIT Assignment/controllers/default.py: -17
[2015-04-01 20:22:53] EDIT Assignment/models/db_main.py: 2
[2015-04-01 23:27:26] EDIT Assignment/controllers/default.py: 1
[2015-04-01 23:27:31] EDIT Assignment/controllers/default.py: 0
[2015-04-01 23:28:11] EDIT Assignment/controllers/default.py: 3
[2015-04-01 23:33:42] EDIT Assignment/views/news.html: 0
[2015-04-01 23:33:59] EDIT Assignment/views/news.html: 0
[2015-04-01 23:34:07] EDIT Assignment/views/news.html: 0
[2015-04-01 23:35:41] EDIT Assignment/views/news.html: 0
[2015-04-01 23:38:17] EDIT Assignment/views/news.html: 0
[2015-04-01 23:50:22] EDIT Assignment/views/news.html: 0
[2015-04-01 23:50:58] EDIT Assignment/controllers/default.py: 0
[2015-04-01 23:51:18] EDIT Assignment/controllers/default.py: 0
[2015-04-01 23:52:08] CREATE default/feed.html: 0
[2015-04-01 23:53:00] EDIT Assignment/controllers/default.py: 0
[2015-04-01 23:54:15] EDIT Assignment/views/default/feed.html: 0
[2015-04-01 23:54:17] EDIT Assignment/views/default/feed.html: 0
[2015-04-01 23:57:02] EDIT Assignment/views/news.html: 0
[2015-04-01 23:57:39] EDIT Assignment/views/news.html: 0
[2015-04-01 23:57:53] EDIT Assignment/views/default/feed.html: 0
[2015-04-01 23:57:55] EDIT Assignment/views/default/feed.html: 0
[2015-04-01 23:58:21] EDIT Assignment/views/default/feed.html: 0
[2015-04-01 23:59:49] EDIT Assignment/controllers/default.py: 1
[2015-04-02 00:00:08] EDIT Assignment/controllers/default.py: 0
[2015-04-02 00:01:40] EDIT Assignment/controllers/default.py: 0
[2015-04-02 00:12:47] EDIT Assignment/controllers/default.py: 0
[2015-04-02 00:13:01] EDIT Assignment/controllers/default.py: 0
[2015-04-02 00:13:19] EDIT Assignment/controllers/default.py: 0
[2015-04-02 00:14:21] EDIT Assignment/controllers/default.py: 1
[2015-04-02 00:15:14] EDIT Assignment/controllers/default.py: 0
[2015-04-02 00:16:58] EDIT Assignment/controllers/default.py: 0
[2015-04-02 00:25:50] EDIT Assignment/models/db_main.py: 0
[2015-04-02 00:55:30] EDIT Assignment/controllers/default.py: 0
[2015-04-02 00:56:12] EDIT Assignment/controllers/default.py: 0
[2015-04-02 01:07:24] EDIT Assignment/controllers/default.py: 0
[2015-04-02 01:07:38] EDIT Assignment/controllers/default.py: 0
[2015-04-02 01:08:35] EDIT Assignment/controllers/default.py: 2
[2015-04-02 01:08:47] EDIT Assignment/controllers/default.py: 0
[2015-04-02 01:09:19] EDIT Assignment/controllers/default.py: 0
[2015-04-02 01:09:30] EDIT Assignment/controllers/default.py: 0
[2015-04-02 01:10:08] EDIT Assignment/views/default/feed.html: 0
[2015-04-02 01:10:17] EDIT Assignment/views/default/feed.html: 0
[2015-04-02 01:11:52] EDIT Assignment/controllers/default.py: 1
[2015-04-02 01:13:29] EDIT Assignment/controllers/default.py: 0
[2015-04-02 01:13:58] EDIT Assignment/controllers/default.py: 0
[2015-04-02 01:18:00] EDIT Assignment/controllers/default.py: 0
[2015-04-02 01:22:34] EDIT Assignment/controllers/default.py: 0
[2015-04-02 01:25:18] EDIT Assignment/controllers/default.py: 0
[2015-04-02 01:28:43] EDIT Assignment/views/default/feed.html: 11
[2015-04-02 01:28:50] EDIT Assignment/views/default/feed.html: 0
[2015-04-02 01:29:35] EDIT Assignment/views/default/feed.html: 2
[2015-04-02 01:30:01] EDIT Assignment/views/default/feed.html: 0
[2015-04-02 01:31:52] EDIT Assignment/views/default/feed.html: 1
[2015-04-02 01:32:02] EDIT Assignment/views/default/feed.html: 1
[2015-04-02 01:32:05] EDIT Assignment/views/default/feed.html: 0
[2015-04-02 01:32:59] EDIT Assignment/views/default/feed.html: 0
[2015-04-02 01:34:17] EDIT Assignment/views/default/feed.html: -3
[2015-04-02 01:34:54] EDIT Assignment/views/default/feed.html: -5
[2015-04-02 01:35:36] EDIT Assignment/views/default/feed.html: 0
[2015-04-02 01:36:32] EDIT Assignment/views/default/feed.html: 0
[2015-04-02 02:36:28] EDIT Assignment/views/default/feed.html: 4
[2015-04-02 02:36:36] EDIT Assignment/views/default/feed.html: 0
[2015-04-02 02:37:13] EDIT Assignment/views/default/feed.html: 0
[2015-04-02 02:37:31] EDIT Assignment/views/default/feed.html: 0
[2015-04-02 02:37:37] EDIT Assignment/views/default/feed.html: 0
[2015-04-02 02:37:38] EDIT Assignment/views/default/feed.html: 0
[2015-04-02 02:38:11] EDIT Assignment/views/default/feed.html: 0
[2015-04-02 02:38:20] EDIT Assignment/views/default/feed.html: 0
[2015-04-02 02:38:35] EDIT Assignment/views/default/feed.html: 0
[2015-04-02 02:38:52] EDIT Assignment/views/default/feed.html: 0
[2015-04-02 02:38:53] EDIT Assignment/views/default/feed.html: 0
[2015-04-02 02:39:25] EDIT Assignment/controllers/default.py: 0
[2015-04-02 02:39:26] EDIT Assignment/controllers/default.py: 0
[2015-04-02 02:39:34] EDIT Assignment/views/default/feed.html: 0
[2015-04-02 02:39:42] EDIT Assignment/views/default/feed.html: 0
[2015-04-02 02:42:29] EDIT Assignment/views/default/feed.html: -3
[2015-04-02 02:42:48] EDIT Assignment/views/default/feed.html: 0
[2015-04-02 02:43:05] EDIT Assignment/views/default/feed.html: 0
[2015-04-02 02:44:09] EDIT Assignment/views/default/feed.html: -1
[2015-04-02 02:44:15] EDIT Assignment/views/default/feed.html: 0
[2015-04-02 02:44:26] EDIT Assignment/views/default/feed.html: 0
[2015-04-02 02:45:03] EDIT Assignment/views/default/feed.html: 0
[2015-04-02 02:45:16] EDIT Assignment/views/default/feed.html: 0
[2015-04-02 02:46:01] EDIT Assignment/views/default/feed.html: 0
[2015-04-02 02:47:03] EDIT Assignment/views/default/feed.html: 0
[2015-04-02 02:47:14] EDIT Assignment/views/default/feed.html: 0
[2015-04-02 02:49:40] EDIT Assignment/views/default/feed.html: 0
[2015-04-02 02:51:16] EDIT Assignment/views/default/feed.html: 0
[2015-04-02 02:51:28] EDIT Assignment/views/default/feed.html: 0
[2015-04-02 02:51:28] EDIT Assignment/views/default/feed.html: 0
[2015-04-02 02:51:28] EDIT Assignment/views/default/feed.html: 0
[2015-04-02 02:52:11] EDIT Assignment/views/default/feed.html: 0
[2015-04-02 02:54:35] EDIT Assignment/views/default/feed.html: 0
[2015-04-02 02:55:18] EDIT Assignment/views/default/feed.html: 1
[2015-04-02 02:56:02] EDIT Assignment/views/default/feed.html: 0
[2015-04-02 02:56:07] EDIT Assignment/views/default/feed.html: 0
[2015-04-02 02:57:07] EDIT Assignment/views/default/feed.html: 0
[2015-04-02 02:57:16] EDIT Assignment/views/default/feed.html: 0
[2015-04-02 02:57:35] EDIT Assignment/views/default/feed.html: 0
[2015-04-02 02:59:00] EDIT Assignment/views/default/feed.html: 0
[2015-04-02 02:59:32] EDIT Assignment/views/default/feed.html: 0
[2015-04-02 03:01:24] EDIT Assignment/views/default/feed.html: 0
[2015-04-02 03:02:12] EDIT Assignment/views/default/feed.html: 0
[2015-04-02 03:02:27] EDIT Assignment/views/default/feed.html: 0
[2015-04-02 03:02:50] EDIT Assignment/views/default/feed.html: 0
[2015-04-02 03:03:06] EDIT Assignment/views/default/feed.html: 0
[2015-04-02 03:03:28] EDIT Assignment/views/default/feed.html: 0
[2015-04-02 03:05:04] EDIT Assignment/views/default/feed.html: 0
[2015-04-02 03:05:16] EDIT Assignment/views/default/feed.html: 0
[2015-04-02 03:05:20] EDIT Assignment/views/default/feed.html: 0
[2015-04-02 03:06:23] EDIT Assignment/views/default/feed.html: 0
[2015-04-02 03:12:21] EDIT Assignment/views/default/feed.html: 0
[2015-04-02 03:12:22] EDIT Assignment/views/default/feed.html: 0
[2015-04-02 03:13:45] EDIT Assignment/controllers/default.py: 1
[2015-04-02 03:14:27] EDIT Assignment/controllers/default.py: 3
[2015-04-02 03:14:34] EDIT Assignment/controllers/default.py: 0
[2015-04-02 03:15:21] EDIT Assignment/controllers/default.py: 1
[2015-04-02 03:16:15] EDIT Assignment/controllers/default.py: 0
[2015-04-02 03:16:31] EDIT Assignment/controllers/default.py: 0
[2015-04-02 03:16:42] EDIT Assignment/controllers/default.py: 0
[2015-04-02 03:17:11] EDIT Assignment/controllers/default.py: 0
[2015-04-02 03:17:49] EDIT Assignment/controllers/default.py: 1
[2015-04-02 03:19:55] EDIT Assignment/controllers/default.py: 0
[2015-04-02 03:20:12] EDIT Assignment/controllers/default.py: 0
[2015-04-02 03:20:14] EDIT Assignment/controllers/default.py: 0
[2015-04-02 03:20:28] EDIT Assignment/controllers/default.py: 0
[2015-04-02 03:20:36] EDIT Assignment/controllers/default.py: 0
[2015-04-02 03:21:25] EDIT Assignment/controllers/default.py: 0
[2015-04-02 03:21:49] EDIT Assignment/controllers/default.py: 0
[2015-04-02 03:24:39] EDIT Assignment/controllers/default.py: 0
[2015-04-02 03:25:55] EDIT Assignment/views/default/feed.html: 0
[2015-04-02 03:26:14] EDIT Assignment/controllers/default.py: 0
[2015-04-02 03:29:08] EDIT Assignment/controllers/default.py: 0
[2015-04-02 03:29:20] EDIT Assignment/controllers/default.py: 0
[2015-04-02 03:29:23] EDIT Assignment/controllers/default.py: 0
[2015-04-02 03:29:42] EDIT Assignment/controllers/default.py: 0
[2015-04-02 03:30:02] EDIT Assignment/controllers/default.py: 0
[2015-04-02 03:30:56] EDIT Assignment/controllers/default.py: 0
[2015-04-02 03:31:11] EDIT Assignment/controllers/default.py: 0
[2015-04-02 03:33:27] EDIT Assignment/controllers/default.py: 0
[2015-04-02 03:42:04] EDIT Assignment/controllers/default.py: 1
[2015-04-02 03:42:26] EDIT Assignment/controllers/default.py: 0
[2015-04-02 03:43:15] EDIT Assignment/controllers/default.py: -1
[2015-04-02 03:44:13] EDIT Assignment/controllers/default.py: 0
[2015-04-02 03:52:00] EDIT Assignment/controllers/default.py: 0
[2015-04-02 03:52:32] EDIT Assignment/controllers/default.py: 0
[2015-04-02 03:53:19] EDIT Assignment/controllers/default.py: 0
[2015-04-02 03:54:02] EDIT Assignment/controllers/default.py: 0
[2015-04-02 03:55:55] EDIT Assignment/controllers/default.py: 0
[2015-04-02 04:17:50] EDIT Assignment/controllers/default.py: 0
[2015-04-02 04:18:06] EDIT Assignment/controllers/default.py: 0
[2015-04-02 04:25:21] EDIT Assignment/controllers/default.py: 0
[2015-04-02 04:44:51] EDIT Assignment/controllers/default.py: 1
[2015-04-02 04:45:27] EDIT Assignment/controllers/default.py: 0
[2015-04-02 04:46:34] EDIT Assignment/controllers/default.py: 0
[2015-04-02 04:46:59] EDIT Assignment/controllers/default.py: 0
[2015-04-02 04:47:46] EDIT Assignment/controllers/default.py: 1
[2015-04-02 04:48:36] EDIT Assignment/controllers/default.py: 0
[2015-04-02 04:49:01] EDIT Assignment/controllers/default.py: 0
[2015-04-02 04:49:44] EDIT Assignment/controllers/default.py: -1
[2015-04-02 04:50:49] EDIT Assignment/controllers/default.py: 1
[2015-04-02 04:50:52] EDIT Assignment/controllers/default.py: 0
[2015-04-02 04:51:59] EDIT Assignment/controllers/default.py: -1
[2015-04-02 04:52:02] EDIT Assignment/controllers/default.py: 0
[2015-04-02 04:52:13] EDIT Assignment/controllers/default.py: 1
[2015-04-02 04:52:39] EDIT Assignment/controllers/default.py: -1
[2015-04-02 04:53:13] EDIT Assignment/controllers/default.py: -1
[2015-04-02 04:53:14] EDIT Assignment/controllers/default.py: 0
[2015-04-02 04:53:14] EDIT Assignment/controllers/default.py: 0
[2015-04-02 04:53:14] EDIT Assignment/controllers/default.py: 0
[2015-04-02 04:53:14] EDIT Assignment/controllers/default.py: 0
[2015-04-02 04:56:07] EDIT Assignment/controllers/default.py: 0
[2015-04-02 04:57:22] EDIT Assignment/controllers/default.py: 0
[2015-04-02 04:59:31] EDIT Assignment/controllers/default.py: 0
[2015-04-02 10:31:14] EDIT Assignment/controllers/default.py: 1
[2015-04-02 10:50:01] EDIT Assignment/controllers/default.py: 1
[2015-04-02 10:51:20] EDIT Assignment/controllers/default.py: 1
[2015-04-02 10:52:07] EDIT Assignment/controllers/default.py: -1
[2015-04-02 10:52:18] EDIT Assignment/controllers/default.py: -1
[2015-04-02 10:53:30] EDIT Assignment/controllers/default.py: 0
[2015-04-02 10:54:47] EDIT Assignment/controllers/default.py: 1
[2015-04-02 10:55:08] EDIT Assignment/controllers/default.py: 0
[2015-04-02 10:56:05] EDIT Assignment/controllers/default.py: 0
[2015-04-02 10:56:33] EDIT Assignment/controllers/default.py: -1
[2015-04-02 10:58:57] EDIT Assignment/controllers/default.py: 0
[2015-04-02 11:45:25] EDIT Assignment/views/default/feed.html: 0
[2015-04-02 11:46:18] EDIT Assignment/views/default/feed.html: 0
[2015-04-02 11:47:01] EDIT Assignment/views/default/feed.html: 0
[2015-04-02 11:47:42] EDIT Assignment/views/default/feed.html: 0
[2015-04-02 11:47:58] EDIT Assignment/views/default/feed.html: 0
[2015-04-02 11:50:32] EDIT Assignment/views/default/feed.html: 0
[2015-04-02 11:50:43] EDIT Assignment/views/default/feed.html: 0
[2015-04-02 11:50:53] EDIT Assignment/views/default/feed.html: 0
[2015-04-02 11:51:10] EDIT Assignment/views/default/feed.html: 0
[2015-04-02 11:51:25] EDIT Assignment/views/default/feed.html: 0
[2015-04-02 11:51:40] EDIT Assignment/views/default/feed.html: 0
[2015-04-02 11:51:59] EDIT Assignment/views/default/feed.html: 0
